<?xml version="1.0" encoding="UTF-8"?>
<testng-results ignored="0" total="2" passed="2" failed="0" skipped="0">
  <reporter-output>
  </reporter-output>
  <suite started-at="2022-04-20T13:01:59 IST" name="project.maven.oneTest" finished-at="2022-04-20T13:01:59 IST" duration-ms="431">
    <groups>
    </groups>
    <test started-at="2022-04-20T13:01:59 IST" name="Command line test" finished-at="2022-04-20T13:01:59 IST" duration-ms="431">
      <class name="project.maven.oneTest">
        <test-method signature="first()[pri:0, instance:project.maven.oneTest@3590fc5b]" started-at="2022-04-20T13:01:59 IST" name="first" finished-at="2022-04-20T13:01:59 IST" duration-ms="41" status="PASS">
          <reporter-output>
          </reporter-output>
        </test-method> <!-- first -->
        <test-method signature="second()[pri:0, instance:project.maven.oneTest@3590fc5b]" started-at="2022-04-20T13:01:59 IST" name="second" finished-at="2022-04-20T13:01:59 IST" duration-ms="2" status="PASS">
          <reporter-output>
          </reporter-output>
        </test-method> <!-- second -->
      </class> <!-- project.maven.oneTest -->
    </test> <!-- Command line test -->
  </suite> <!-- project.maven.oneTest -->
</testng-results>
